mode: set
github.com/OpenReqEU/ri-collection-explicit-feedback-google-play-page/starter.go:14.13,16.2 1 0
github.com/OpenReqEU/ri-collection-explicit-feedback-google-play-page/starter.go:18.31,22.2 3 1
github.com/OpenReqEU/ri-collection-explicit-feedback-google-play-page/starter.go:24.58,25.30 1 1
github.com/OpenReqEU/ri-collection-explicit-feedback-google-play-page/starter.go:25.30,28.3 2 0
github.com/OpenReqEU/ri-collection-explicit-feedback-google-play-page/starter.go:31.57,43.2 7 1
github.com/OpenReqEU/ri-collection-explicit-feedback-google-play-page/starter.go:46.74,52.2 5 1
github.com/OpenReqEU/ri-collection-explicit-feedback-google-play-page/crawler.go:81.40,85.33 3 1
github.com/OpenReqEU/ri-collection-explicit-feedback-google-play-page/crawler.go:92.2,92.16 1 1
github.com/OpenReqEU/ri-collection-explicit-feedback-google-play-page/crawler.go:85.33,87.85 2 1
github.com/OpenReqEU/ri-collection-explicit-feedback-google-play-page/crawler.go:87.86,89.4 0 0
github.com/OpenReqEU/ri-collection-explicit-feedback-google-play-page/crawler.go:96.55,102.22 5 1
github.com/OpenReqEU/ri-collection-explicit-feedback-google-play-page/crawler.go:114.2,114.29 1 1
github.com/OpenReqEU/ri-collection-explicit-feedback-google-play-page/crawler.go:102.22,106.3 3 0
github.com/OpenReqEU/ri-collection-explicit-feedback-google-play-page/crawler.go:106.8,112.3 4 1
github.com/OpenReqEU/ri-collection-explicit-feedback-google-play-page/crawler.go:118.67,124.27 6 1
github.com/OpenReqEU/ri-collection-explicit-feedback-google-play-page/crawler.go:223.2,223.16 1 1
github.com/OpenReqEU/ri-collection-explicit-feedback-google-play-page/crawler.go:124.27,126.3 1 0
github.com/OpenReqEU/ri-collection-explicit-feedback-google-play-page/crawler.go:126.8,128.34 2 1
github.com/OpenReqEU/ri-collection-explicit-feedback-google-play-page/crawler.go:128.34,130.24 2 1
github.com/OpenReqEU/ri-collection-explicit-feedback-google-play-page/crawler.go:134.4,135.24 2 1
github.com/OpenReqEU/ri-collection-explicit-feedback-google-play-page/crawler.go:139.4,140.24 2 1
github.com/OpenReqEU/ri-collection-explicit-feedback-google-play-page/crawler.go:144.4,145.24 2 1
github.com/OpenReqEU/ri-collection-explicit-feedback-google-play-page/crawler.go:149.4,150.24 2 1
github.com/OpenReqEU/ri-collection-explicit-feedback-google-play-page/crawler.go:154.4,155.24 2 1
github.com/OpenReqEU/ri-collection-explicit-feedback-google-play-page/crawler.go:159.4,160.24 2 1
github.com/OpenReqEU/ri-collection-explicit-feedback-google-play-page/crawler.go:164.4,165.24 2 1
github.com/OpenReqEU/ri-collection-explicit-feedback-google-play-page/crawler.go:169.4,170.24 2 1
github.com/OpenReqEU/ri-collection-explicit-feedback-google-play-page/crawler.go:174.4,175.24 2 1
github.com/OpenReqEU/ri-collection-explicit-feedback-google-play-page/crawler.go:179.4,180.24 2 1
github.com/OpenReqEU/ri-collection-explicit-feedback-google-play-page/crawler.go:184.4,185.24 2 1
github.com/OpenReqEU/ri-collection-explicit-feedback-google-play-page/crawler.go:189.4,190.24 2 1
github.com/OpenReqEU/ri-collection-explicit-feedback-google-play-page/crawler.go:194.4,195.24 2 1
github.com/OpenReqEU/ri-collection-explicit-feedback-google-play-page/crawler.go:199.4,200.24 2 1
github.com/OpenReqEU/ri-collection-explicit-feedback-google-play-page/crawler.go:204.4,205.24 2 1
github.com/OpenReqEU/ri-collection-explicit-feedback-google-play-page/crawler.go:209.4,210.24 2 1
github.com/OpenReqEU/ri-collection-explicit-feedback-google-play-page/crawler.go:214.4,215.24 2 1
github.com/OpenReqEU/ri-collection-explicit-feedback-google-play-page/crawler.go:130.24,132.5 1 0
github.com/OpenReqEU/ri-collection-explicit-feedback-google-play-page/crawler.go:135.24,137.5 1 0
github.com/OpenReqEU/ri-collection-explicit-feedback-google-play-page/crawler.go:140.24,142.5 1 0
github.com/OpenReqEU/ri-collection-explicit-feedback-google-play-page/crawler.go:145.24,147.5 1 0
github.com/OpenReqEU/ri-collection-explicit-feedback-google-play-page/crawler.go:150.24,152.5 1 0
github.com/OpenReqEU/ri-collection-explicit-feedback-google-play-page/crawler.go:155.24,157.5 1 0
github.com/OpenReqEU/ri-collection-explicit-feedback-google-play-page/crawler.go:160.24,162.5 1 0
github.com/OpenReqEU/ri-collection-explicit-feedback-google-play-page/crawler.go:165.24,167.5 1 0
github.com/OpenReqEU/ri-collection-explicit-feedback-google-play-page/crawler.go:170.24,172.5 1 0
github.com/OpenReqEU/ri-collection-explicit-feedback-google-play-page/crawler.go:175.24,177.5 1 1
github.com/OpenReqEU/ri-collection-explicit-feedback-google-play-page/crawler.go:180.24,182.5 1 0
github.com/OpenReqEU/ri-collection-explicit-feedback-google-play-page/crawler.go:185.24,187.5 1 0
github.com/OpenReqEU/ri-collection-explicit-feedback-google-play-page/crawler.go:190.24,192.5 1 1
github.com/OpenReqEU/ri-collection-explicit-feedback-google-play-page/crawler.go:195.24,197.5 1 1
github.com/OpenReqEU/ri-collection-explicit-feedback-google-play-page/crawler.go:200.24,202.5 1 1
github.com/OpenReqEU/ri-collection-explicit-feedback-google-play-page/crawler.go:205.24,207.5 1 0
github.com/OpenReqEU/ri-collection-explicit-feedback-google-play-page/crawler.go:210.24,212.5 1 0
github.com/OpenReqEU/ri-collection-explicit-feedback-google-play-page/crawler.go:215.24,217.5 1 0
github.com/OpenReqEU/ri-collection-explicit-feedback-google-play-page/crawler.go:218.9,220.4 1 0
github.com/OpenReqEU/ri-collection-explicit-feedback-google-play-page/crawler.go:227.61,230.26 3 1
github.com/OpenReqEU/ri-collection-explicit-feedback-google-play-page/crawler.go:234.2,234.30 1 1
github.com/OpenReqEU/ri-collection-explicit-feedback-google-play-page/crawler.go:230.26,232.3 1 0
github.com/OpenReqEU/ri-collection-explicit-feedback-google-play-page/crawler.go:238.63,242.50 3 1
github.com/OpenReqEU/ri-collection-explicit-feedback-google-play-page/crawler.go:247.2,247.26 1 1
github.com/OpenReqEU/ri-collection-explicit-feedback-google-play-page/crawler.go:242.50,243.55 1 1
github.com/OpenReqEU/ri-collection-explicit-feedback-google-play-page/crawler.go:243.55,245.4 1 1
github.com/OpenReqEU/ri-collection-explicit-feedback-google-play-page/crawler.go:251.127,256.33 4 1
github.com/OpenReqEU/ri-collection-explicit-feedback-google-play-page/crawler.go:267.2,267.48 1 1
github.com/OpenReqEU/ri-collection-explicit-feedback-google-play-page/crawler.go:256.33,259.41 3 1
github.com/OpenReqEU/ri-collection-explicit-feedback-google-play-page/crawler.go:259.41,261.4 1 1
github.com/OpenReqEU/ri-collection-explicit-feedback-google-play-page/crawler.go:261.9,263.4 1 0
github.com/OpenReqEU/ri-collection-explicit-feedback-google-play-page/crawler.go:264.8,266.3 1 0
github.com/OpenReqEU/ri-collection-explicit-feedback-google-play-page/crawler.go:271.89,276.35 4 1
github.com/OpenReqEU/ri-collection-explicit-feedback-google-play-page/crawler.go:286.2,286.54 1 1
github.com/OpenReqEU/ri-collection-explicit-feedback-google-play-page/crawler.go:276.35,278.48 2 1
github.com/OpenReqEU/ri-collection-explicit-feedback-google-play-page/crawler.go:278.48,280.4 1 1
github.com/OpenReqEU/ri-collection-explicit-feedback-google-play-page/crawler.go:280.9,282.4 1 0
github.com/OpenReqEU/ri-collection-explicit-feedback-google-play-page/crawler.go:283.8,285.3 1 0
github.com/OpenReqEU/ri-collection-explicit-feedback-google-play-page/crawler.go:290.93,295.35 4 1
github.com/OpenReqEU/ri-collection-explicit-feedback-google-play-page/crawler.go:300.2,300.62 1 1
github.com/OpenReqEU/ri-collection-explicit-feedback-google-play-page/crawler.go:295.35,297.3 1 1
github.com/OpenReqEU/ri-collection-explicit-feedback-google-play-page/crawler.go:297.8,299.3 1 0
github.com/OpenReqEU/ri-collection-explicit-feedback-google-play-page/crawler.go:304.103,309.41 4 1
github.com/OpenReqEU/ri-collection-explicit-feedback-google-play-page/crawler.go:330.2,330.78 1 1
github.com/OpenReqEU/ri-collection-explicit-feedback-google-play-page/crawler.go:309.41,311.153 2 1
github.com/OpenReqEU/ri-collection-explicit-feedback-google-play-page/crawler.go:321.3,321.48 1 1
github.com/OpenReqEU/ri-collection-explicit-feedback-google-play-page/crawler.go:311.153,313.39 2 1
github.com/OpenReqEU/ri-collection-explicit-feedback-google-play-page/crawler.go:313.39,316.38 3 1
github.com/OpenReqEU/ri-collection-explicit-feedback-google-play-page/crawler.go:316.38,318.6 1 1
github.com/OpenReqEU/ri-collection-explicit-feedback-google-play-page/crawler.go:321.48,323.37 2 0
github.com/OpenReqEU/ri-collection-explicit-feedback-google-play-page/crawler.go:323.37,325.5 1 0
github.com/OpenReqEU/ri-collection-explicit-feedback-google-play-page/crawler.go:327.8,329.3 1 0
github.com/OpenReqEU/ri-collection-explicit-feedback-google-play-page/crawler.go:334.92,336.2 1 1
github.com/OpenReqEU/ri-collection-explicit-feedback-google-play-page/crawler.go:339.94,341.2 1 1
github.com/OpenReqEU/ri-collection-explicit-feedback-google-play-page/crawler.go:344.96,346.2 1 1
github.com/OpenReqEU/ri-collection-explicit-feedback-google-play-page/crawler.go:349.106,354.44 4 1
github.com/OpenReqEU/ri-collection-explicit-feedback-google-play-page/crawler.go:367.2,367.74 1 1
github.com/OpenReqEU/ri-collection-explicit-feedback-google-play-page/crawler.go:354.44,356.55 2 1
github.com/OpenReqEU/ri-collection-explicit-feedback-google-play-page/crawler.go:356.55,358.47 2 1
github.com/OpenReqEU/ri-collection-explicit-feedback-google-play-page/crawler.go:358.47,360.5 1 0
github.com/OpenReqEU/ri-collection-explicit-feedback-google-play-page/crawler.go:361.9,363.4 1 0
github.com/OpenReqEU/ri-collection-explicit-feedback-google-play-page/crawler.go:364.8,366.3 1 0
github.com/OpenReqEU/ri-collection-explicit-feedback-google-play-page/crawler.go:371.115,376.52 4 1
github.com/OpenReqEU/ri-collection-explicit-feedback-google-play-page/crawler.go:381.2,381.68 1 1
github.com/OpenReqEU/ri-collection-explicit-feedback-google-play-page/crawler.go:376.52,378.3 1 1
github.com/OpenReqEU/ri-collection-explicit-feedback-google-play-page/crawler.go:378.8,380.3 1 0
github.com/OpenReqEU/ri-collection-explicit-feedback-google-play-page/crawler.go:385.53,391.37 5 1
github.com/OpenReqEU/ri-collection-explicit-feedback-google-play-page/crawler.go:410.2,410.30 1 1
github.com/OpenReqEU/ri-collection-explicit-feedback-google-play-page/crawler.go:391.37,393.28 2 1
github.com/OpenReqEU/ri-collection-explicit-feedback-google-play-page/crawler.go:393.28,395.33 2 1
github.com/OpenReqEU/ri-collection-explicit-feedback-google-play-page/crawler.go:395.33,397.22 2 1
github.com/OpenReqEU/ri-collection-explicit-feedback-google-play-page/crawler.go:397.22,399.6 1 0
github.com/OpenReqEU/ri-collection-explicit-feedback-google-play-page/crawler.go:400.10,402.5 1 0
github.com/OpenReqEU/ri-collection-explicit-feedback-google-play-page/crawler.go:403.9,405.4 1 0
github.com/OpenReqEU/ri-collection-explicit-feedback-google-play-page/crawler.go:406.8,408.3 1 0
github.com/OpenReqEU/ri-collection-explicit-feedback-google-play-page/crawler.go:414.54,420.37 5 1
github.com/OpenReqEU/ri-collection-explicit-feedback-google-play-page/crawler.go:434.2,434.32 1 1
github.com/OpenReqEU/ri-collection-explicit-feedback-google-play-page/crawler.go:420.37,422.35 2 1
github.com/OpenReqEU/ri-collection-explicit-feedback-google-play-page/crawler.go:422.35,424.22 2 1
github.com/OpenReqEU/ri-collection-explicit-feedback-google-play-page/crawler.go:424.22,426.5 1 0
github.com/OpenReqEU/ri-collection-explicit-feedback-google-play-page/crawler.go:427.9,429.4 1 0
github.com/OpenReqEU/ri-collection-explicit-feedback-google-play-page/crawler.go:430.8,432.3 1 0
github.com/OpenReqEU/ri-collection-explicit-feedback-google-play-page/crawler.go:438.49,444.37 5 1
github.com/OpenReqEU/ri-collection-explicit-feedback-google-play-page/crawler.go:469.2,469.22 1 1
github.com/OpenReqEU/ri-collection-explicit-feedback-google-play-page/crawler.go:444.37,446.38 2 1
github.com/OpenReqEU/ri-collection-explicit-feedback-google-play-page/crawler.go:446.38,448.44 2 1
github.com/OpenReqEU/ri-collection-explicit-feedback-google-play-page/crawler.go:448.44,451.30 3 1
github.com/OpenReqEU/ri-collection-explicit-feedback-google-play-page/crawler.go:451.30,453.19 2 1
github.com/OpenReqEU/ri-collection-explicit-feedback-google-play-page/crawler.go:453.19,455.7 1 0
github.com/OpenReqEU/ri-collection-explicit-feedback-google-play-page/crawler.go:456.11,458.6 1 0
github.com/OpenReqEU/ri-collection-explicit-feedback-google-play-page/crawler.go:459.10,461.5 1 0
github.com/OpenReqEU/ri-collection-explicit-feedback-google-play-page/crawler.go:462.9,464.4 1 0
github.com/OpenReqEU/ri-collection-explicit-feedback-google-play-page/crawler.go:465.8,467.3 1 0
github.com/OpenReqEU/ri-collection-explicit-feedback-google-play-page/crawler.go:473.68,481.37 7 1
github.com/OpenReqEU/ri-collection-explicit-feedback-google-play-page/crawler.go:517.2,517.53 1 1
github.com/OpenReqEU/ri-collection-explicit-feedback-google-play-page/crawler.go:481.37,483.30 2 1
github.com/OpenReqEU/ri-collection-explicit-feedback-google-play-page/crawler.go:483.30,484.40 1 1
github.com/OpenReqEU/ri-collection-explicit-feedback-google-play-page/crawler.go:484.40,486.32 2 1
github.com/OpenReqEU/ri-collection-explicit-feedback-google-play-page/crawler.go:486.32,490.6 3 1
github.com/OpenReqEU/ri-collection-explicit-feedback-google-play-page/crawler.go:490.11,490.38 1 1
github.com/OpenReqEU/ri-collection-explicit-feedback-google-play-page/crawler.go:490.38,494.6 3 0
github.com/OpenReqEU/ri-collection-explicit-feedback-google-play-page/crawler.go:494.11,501.27 5 1
github.com/OpenReqEU/ri-collection-explicit-feedback-google-play-page/crawler.go:501.27,503.7 1 1
github.com/OpenReqEU/ri-collection-explicit-feedback-google-play-page/crawler.go:503.12,505.7 1 0
github.com/OpenReqEU/ri-collection-explicit-feedback-google-play-page/crawler.go:507.10,509.5 1 0
github.com/OpenReqEU/ri-collection-explicit-feedback-google-play-page/crawler.go:510.9,512.4 1 0
github.com/OpenReqEU/ri-collection-explicit-feedback-google-play-page/crawler.go:513.8,515.3 1 0
github.com/OpenReqEU/ri-collection-explicit-feedback-google-play-page/crawler.go:521.52,526.35 4 1
github.com/OpenReqEU/ri-collection-explicit-feedback-google-play-page/crawler.go:540.2,540.38 1 1
github.com/OpenReqEU/ri-collection-explicit-feedback-google-play-page/crawler.go:526.35,528.38 2 1
github.com/OpenReqEU/ri-collection-explicit-feedback-google-play-page/crawler.go:528.38,530.25 2 1
github.com/OpenReqEU/ri-collection-explicit-feedback-google-play-page/crawler.go:530.25,532.5 1 0
github.com/OpenReqEU/ri-collection-explicit-feedback-google-play-page/crawler.go:533.9,535.4 1 0
github.com/OpenReqEU/ri-collection-explicit-feedback-google-play-page/crawler.go:536.8,538.3 1 0
github.com/OpenReqEU/ri-collection-explicit-feedback-google-play-page/crawler.go:544.56,549.34 4 1
github.com/OpenReqEU/ri-collection-explicit-feedback-google-play-page/crawler.go:565.2,565.32 1 1
github.com/OpenReqEU/ri-collection-explicit-feedback-google-play-page/crawler.go:549.34,551.37 2 1
github.com/OpenReqEU/ri-collection-explicit-feedback-google-play-page/crawler.go:551.37,553.43 2 1
github.com/OpenReqEU/ri-collection-explicit-feedback-google-play-page/crawler.go:553.43,554.53 1 1
github.com/OpenReqEU/ri-collection-explicit-feedback-google-play-page/crawler.go:554.53,556.6 1 1
github.com/OpenReqEU/ri-collection-explicit-feedback-google-play-page/crawler.go:558.9,560.4 1 0
github.com/OpenReqEU/ri-collection-explicit-feedback-google-play-page/crawler.go:561.8,563.3 1 0
github.com/OpenReqEU/ri-collection-explicit-feedback-google-play-page/crawler.go:569.53,574.40 4 1
github.com/OpenReqEU/ri-collection-explicit-feedback-google-play-page/crawler.go:595.2,595.28 1 1
github.com/OpenReqEU/ri-collection-explicit-feedback-google-play-page/crawler.go:574.40,576.35 2 1
github.com/OpenReqEU/ri-collection-explicit-feedback-google-play-page/crawler.go:576.35,578.26 2 1
github.com/OpenReqEU/ri-collection-explicit-feedback-google-play-page/crawler.go:578.26,580.26 2 1
github.com/OpenReqEU/ri-collection-explicit-feedback-google-play-page/crawler.go:580.26,582.6 1 1
github.com/OpenReqEU/ri-collection-explicit-feedback-google-play-page/crawler.go:582.11,584.6 1 0
github.com/OpenReqEU/ri-collection-explicit-feedback-google-play-page/crawler.go:585.10,587.5 1 0
github.com/OpenReqEU/ri-collection-explicit-feedback-google-play-page/crawler.go:588.9,590.4 1 0
github.com/OpenReqEU/ri-collection-explicit-feedback-google-play-page/crawler.go:591.8,593.3 1 0
github.com/OpenReqEU/ri-collection-explicit-feedback-google-play-page/crawler.go:599.55,604.40 4 1
github.com/OpenReqEU/ri-collection-explicit-feedback-google-play-page/crawler.go:632.2,632.36 1 1
github.com/OpenReqEU/ri-collection-explicit-feedback-google-play-page/crawler.go:604.40,606.39 2 1
github.com/OpenReqEU/ri-collection-explicit-feedback-google-play-page/crawler.go:606.39,608.45 2 1
github.com/OpenReqEU/ri-collection-explicit-feedback-google-play-page/crawler.go:608.45,610.31 2 1
github.com/OpenReqEU/ri-collection-explicit-feedback-google-play-page/crawler.go:610.31,614.27 4 1
github.com/OpenReqEU/ri-collection-explicit-feedback-google-play-page/crawler.go:614.27,616.7 1 1
github.com/OpenReqEU/ri-collection-explicit-feedback-google-play-page/crawler.go:616.12,618.7 1 0
github.com/OpenReqEU/ri-collection-explicit-feedback-google-play-page/crawler.go:619.11,621.6 1 0
github.com/OpenReqEU/ri-collection-explicit-feedback-google-play-page/crawler.go:622.10,624.5 1 0
github.com/OpenReqEU/ri-collection-explicit-feedback-google-play-page/crawler.go:625.9,627.4 1 0
github.com/OpenReqEU/ri-collection-explicit-feedback-google-play-page/crawler.go:628.8,630.3 1 0
github.com/OpenReqEU/ri-collection-explicit-feedback-google-play-page/crawler.go:636.72,641.40 4 1
github.com/OpenReqEU/ri-collection-explicit-feedback-google-play-page/crawler.go:697.2,704.44 7 1
github.com/OpenReqEU/ri-collection-explicit-feedback-google-play-page/crawler.go:641.40,643.43 2 1
github.com/OpenReqEU/ri-collection-explicit-feedback-google-play-page/crawler.go:643.43,645.40 2 1
github.com/OpenReqEU/ri-collection-explicit-feedback-google-play-page/crawler.go:645.40,646.50 1 1
github.com/OpenReqEU/ri-collection-explicit-feedback-google-play-page/crawler.go:646.50,648.49 2 1
github.com/OpenReqEU/ri-collection-explicit-feedback-google-play-page/crawler.go:648.49,651.23 3 1
github.com/OpenReqEU/ri-collection-explicit-feedback-google-play-page/crawler.go:651.23,652.64 1 1
github.com/OpenReqEU/ri-collection-explicit-feedback-google-play-page/crawler.go:652.64,655.47 3 1
github.com/OpenReqEU/ri-collection-explicit-feedback-google-play-page/crawler.go:655.47,657.48 2 1
github.com/OpenReqEU/ri-collection-explicit-feedback-google-play-page/crawler.go:657.48,659.25 2 1
github.com/OpenReqEU/ri-collection-explicit-feedback-google-play-page/crawler.go:676.11,676.16 1 1
github.com/OpenReqEU/ri-collection-explicit-feedback-google-play-page/crawler.go:660.20,662.17 2 1
github.com/OpenReqEU/ri-collection-explicit-feedback-google-play-page/crawler.go:663.20,665.17 2 1
github.com/OpenReqEU/ri-collection-explicit-feedback-google-play-page/crawler.go:666.20,668.17 2 1
github.com/OpenReqEU/ri-collection-explicit-feedback-google-play-page/crawler.go:669.20,671.17 2 1
github.com/OpenReqEU/ri-collection-explicit-feedback-google-play-page/crawler.go:672.20,674.17 2 1
github.com/OpenReqEU/ri-collection-explicit-feedback-google-play-page/crawler.go:680.13,682.8 1 0
github.com/OpenReqEU/ri-collection-explicit-feedback-google-play-page/crawler.go:683.12,685.7 1 0
github.com/OpenReqEU/ri-collection-explicit-feedback-google-play-page/crawler.go:687.10,689.5 1 0
github.com/OpenReqEU/ri-collection-explicit-feedback-google-play-page/crawler.go:690.9,692.4 1 0
github.com/OpenReqEU/ri-collection-explicit-feedback-google-play-page/crawler.go:693.8,695.3 1 0
github.com/OpenReqEU/ri-collection-explicit-feedback-google-play-page/crawler.go:708.68,714.49 5 1
github.com/OpenReqEU/ri-collection-explicit-feedback-google-play-page/crawler.go:737.2,737.62 1 1
github.com/OpenReqEU/ri-collection-explicit-feedback-google-play-page/crawler.go:714.49,716.46 2 1
github.com/OpenReqEU/ri-collection-explicit-feedback-google-play-page/crawler.go:716.46,718.43 2 1
github.com/OpenReqEU/ri-collection-explicit-feedback-google-play-page/crawler.go:718.43,722.26 4 1
github.com/OpenReqEU/ri-collection-explicit-feedback-google-play-page/crawler.go:722.26,724.6 1 1
github.com/OpenReqEU/ri-collection-explicit-feedback-google-play-page/crawler.go:724.11,726.6 1 1
github.com/OpenReqEU/ri-collection-explicit-feedback-google-play-page/crawler.go:727.10,729.5 1 0
github.com/OpenReqEU/ri-collection-explicit-feedback-google-play-page/crawler.go:730.9,732.4 1 0
github.com/OpenReqEU/ri-collection-explicit-feedback-google-play-page/crawler.go:733.8,735.3 1 0
github.com/OpenReqEU/ri-collection-explicit-feedback-google-play-page/crawler.go:741.59,746.52 4 1
github.com/OpenReqEU/ri-collection-explicit-feedback-google-play-page/crawler.go:760.2,760.42 1 1
github.com/OpenReqEU/ri-collection-explicit-feedback-google-play-page/crawler.go:746.52,748.37 2 1
github.com/OpenReqEU/ri-collection-explicit-feedback-google-play-page/crawler.go:748.37,749.98 1 1
github.com/OpenReqEU/ri-collection-explicit-feedback-google-play-page/crawler.go:749.98,751.5 1 1
github.com/OpenReqEU/ri-collection-explicit-feedback-google-play-page/crawler.go:751.10,753.5 1 0
github.com/OpenReqEU/ri-collection-explicit-feedback-google-play-page/crawler.go:754.9,756.4 1 0
github.com/OpenReqEU/ri-collection-explicit-feedback-google-play-page/crawler.go:757.8,759.3 1 0
github.com/OpenReqEU/ri-collection-explicit-feedback-google-play-page/crawler.go:764.56,769.37 4 1
github.com/OpenReqEU/ri-collection-explicit-feedback-google-play-page/crawler.go:774.2,774.40 1 1
github.com/OpenReqEU/ri-collection-explicit-feedback-google-play-page/crawler.go:769.37,771.3 1 1
github.com/OpenReqEU/ri-collection-explicit-feedback-google-play-page/crawler.go:771.8,773.3 1 0
github.com/OpenReqEU/ri-collection-explicit-feedback-google-play-page/crawler.go:778.55,783.37 4 1
github.com/OpenReqEU/ri-collection-explicit-feedback-google-play-page/crawler.go:803.2,803.38 1 1
github.com/OpenReqEU/ri-collection-explicit-feedback-google-play-page/crawler.go:783.37,785.36 2 1
github.com/OpenReqEU/ri-collection-explicit-feedback-google-play-page/crawler.go:785.36,787.89 2 1
github.com/OpenReqEU/ri-collection-explicit-feedback-google-play-page/crawler.go:787.89,789.5 1 0
github.com/OpenReqEU/ri-collection-explicit-feedback-google-play-page/crawler.go:789.10,790.52 1 1
github.com/OpenReqEU/ri-collection-explicit-feedback-google-play-page/crawler.go:790.52,791.74 1 1
github.com/OpenReqEU/ri-collection-explicit-feedback-google-play-page/crawler.go:791.74,793.12 2 0
github.com/OpenReqEU/ri-collection-explicit-feedback-google-play-page/crawler.go:797.9,799.4 1 1
github.com/OpenReqEU/ri-collection-explicit-feedback-google-play-page/crawler.go:800.8,802.3 1 0
github.com/OpenReqEU/ri-collection-explicit-feedback-google-play-page/crawler.go:807.58,812.37 4 1
github.com/OpenReqEU/ri-collection-explicit-feedback-google-play-page/crawler.go:832.2,832.44 1 1
github.com/OpenReqEU/ri-collection-explicit-feedback-google-play-page/crawler.go:812.37,814.39 2 1
github.com/OpenReqEU/ri-collection-explicit-feedback-google-play-page/crawler.go:814.39,816.98 2 1
github.com/OpenReqEU/ri-collection-explicit-feedback-google-play-page/crawler.go:816.98,818.5 1 0
github.com/OpenReqEU/ri-collection-explicit-feedback-google-play-page/crawler.go:818.10,819.55 1 1
github.com/OpenReqEU/ri-collection-explicit-feedback-google-play-page/crawler.go:819.55,820.80 1 1
github.com/OpenReqEU/ri-collection-explicit-feedback-google-play-page/crawler.go:820.80,822.12 2 1
github.com/OpenReqEU/ri-collection-explicit-feedback-google-play-page/crawler.go:826.9,828.4 1 1
github.com/OpenReqEU/ri-collection-explicit-feedback-google-play-page/crawler.go:829.8,831.3 1 0
github.com/OpenReqEU/ri-collection-explicit-feedback-google-play-page/crawler.go:836.55,842.49 5 1
github.com/OpenReqEU/ri-collection-explicit-feedback-google-play-page/crawler.go:870.2,870.36 1 1
github.com/OpenReqEU/ri-collection-explicit-feedback-google-play-page/crawler.go:842.49,844.34 2 1
github.com/OpenReqEU/ri-collection-explicit-feedback-google-play-page/crawler.go:844.34,847.30 3 1
github.com/OpenReqEU/ri-collection-explicit-feedback-google-play-page/crawler.go:847.30,849.37 2 1
github.com/OpenReqEU/ri-collection-explicit-feedback-google-play-page/crawler.go:849.37,852.38 3 1
github.com/OpenReqEU/ri-collection-explicit-feedback-google-play-page/crawler.go:852.38,854.7 1 1
github.com/OpenReqEU/ri-collection-explicit-feedback-google-play-page/crawler.go:854.12,856.7 1 0
github.com/OpenReqEU/ri-collection-explicit-feedback-google-play-page/crawler.go:857.11,859.6 1 0
github.com/OpenReqEU/ri-collection-explicit-feedback-google-play-page/crawler.go:860.10,862.5 1 1
github.com/OpenReqEU/ri-collection-explicit-feedback-google-play-page/crawler.go:863.9,865.4 1 0
github.com/OpenReqEU/ri-collection-explicit-feedback-google-play-page/crawler.go:866.8,868.3 1 0
github.com/OpenReqEU/ri-collection-explicit-feedback-google-play-page/crawler.go:874.21,876.2 1 1
github.com/OpenReqEU/ri-collection-explicit-feedback-google-play-page/crawler.go:879.63,885.49 5 1
github.com/OpenReqEU/ri-collection-explicit-feedback-google-play-page/crawler.go:911.2,911.50 1 1
github.com/OpenReqEU/ri-collection-explicit-feedback-google-play-page/crawler.go:885.49,887.41 2 1
github.com/OpenReqEU/ri-collection-explicit-feedback-google-play-page/crawler.go:887.41,890.37 3 1
github.com/OpenReqEU/ri-collection-explicit-feedback-google-play-page/crawler.go:890.37,891.58 1 1
github.com/OpenReqEU/ri-collection-explicit-feedback-google-play-page/crawler.go:891.58,893.6 1 1
github.com/OpenReqEU/ri-collection-explicit-feedback-google-play-page/crawler.go:893.11,896.33 3 1
github.com/OpenReqEU/ri-collection-explicit-feedback-google-play-page/crawler.go:899.6,899.35 1 1
github.com/OpenReqEU/ri-collection-explicit-feedback-google-play-page/crawler.go:896.33,898.7 1 0
github.com/OpenReqEU/ri-collection-explicit-feedback-google-play-page/crawler.go:901.10,903.5 1 0
github.com/OpenReqEU/ri-collection-explicit-feedback-google-play-page/crawler.go:904.9,906.4 1 0
github.com/OpenReqEU/ri-collection-explicit-feedback-google-play-page/crawler.go:907.8,909.3 1 0
github.com/OpenReqEU/ri-collection-explicit-feedback-google-play-page/crawler.go:915.68,921.49 5 1
github.com/OpenReqEU/ri-collection-explicit-feedback-google-play-page/crawler.go:936.2,936.60 1 1
github.com/OpenReqEU/ri-collection-explicit-feedback-google-play-page/crawler.go:921.49,923.46 2 1
github.com/OpenReqEU/ri-collection-explicit-feedback-google-play-page/crawler.go:923.46,926.37 3 1
github.com/OpenReqEU/ri-collection-explicit-feedback-google-play-page/crawler.go:926.37,928.5 1 0
github.com/OpenReqEU/ri-collection-explicit-feedback-google-play-page/crawler.go:929.9,931.4 1 0
github.com/OpenReqEU/ri-collection-explicit-feedback-google-play-page/crawler.go:932.8,934.3 1 0
github.com/OpenReqEU/ri-collection-explicit-feedback-google-play-page/crawler.go:940.59,945.36 4 1
github.com/OpenReqEU/ri-collection-explicit-feedback-google-play-page/crawler.go:975.2,975.38 1 1
github.com/OpenReqEU/ri-collection-explicit-feedback-google-play-page/crawler.go:945.36,946.44 1 1
github.com/OpenReqEU/ri-collection-explicit-feedback-google-play-page/crawler.go:946.44,948.35 2 1
github.com/OpenReqEU/ri-collection-explicit-feedback-google-play-page/crawler.go:948.35,949.50 1 1
github.com/OpenReqEU/ri-collection-explicit-feedback-google-play-page/crawler.go:949.50,951.39 2 1
github.com/OpenReqEU/ri-collection-explicit-feedback-google-play-page/crawler.go:951.39,954.49 3 1
github.com/OpenReqEU/ri-collection-explicit-feedback-google-play-page/crawler.go:954.49,956.36 2 1
github.com/OpenReqEU/ri-collection-explicit-feedback-google-play-page/crawler.go:956.36,957.38 1 1
github.com/OpenReqEU/ri-collection-explicit-feedback-google-play-page/crawler.go:957.38,959.10 1 1
github.com/OpenReqEU/ri-collection-explicit-feedback-google-play-page/crawler.go:962.12,964.7 1 0
github.com/OpenReqEU/ri-collection-explicit-feedback-google-play-page/crawler.go:965.11,967.6 1 0
github.com/OpenReqEU/ri-collection-explicit-feedback-google-play-page/crawler.go:968.10,970.5 1 0
github.com/OpenReqEU/ri-collection-explicit-feedback-google-play-page/crawler.go:972.8,974.3 1 0
github.com/OpenReqEU/ri-collection-explicit-feedback-google-play-page/crawler.go:979.29,984.23 5 1
github.com/OpenReqEU/ri-collection-explicit-feedback-google-play-page/crawler.go:988.2,990.20 2 1
github.com/OpenReqEU/ri-collection-explicit-feedback-google-play-page/crawler.go:984.23,986.20 2 0
github.com/OpenReqEU/ri-collection-explicit-feedback-google-play-page/model.go:53.68,59.30 6 1
github.com/OpenReqEU/ri-collection-explicit-feedback-google-play-page/model.go:66.2,70.14 4 1
github.com/OpenReqEU/ri-collection-explicit-feedback-google-play-page/model.go:59.30,60.72 1 1
github.com/OpenReqEU/ri-collection-explicit-feedback-google-play-page/model.go:60.72,63.9 3 1
github.com/OpenReqEU/ri-collection-explicit-feedback-google-play-page/model.go:74.49,76.20 2 1
github.com/OpenReqEU/ri-collection-explicit-feedback-google-play-page/model.go:79.2,79.19 1 1
github.com/OpenReqEU/ri-collection-explicit-feedback-google-play-page/model.go:76.20,78.3 1 0
