mode: set
/Users/stanik/Documents/repos/_openreq/openreq-git/app/ri-collection-explicit-feedback-google-play-page/crawler.go:32.40,36.33 3 1
/Users/stanik/Documents/repos/_openreq/openreq-git/app/ri-collection-explicit-feedback-google-play-page/crawler.go:46.2,46.16 1 0
/Users/stanik/Documents/repos/_openreq/openreq-git/app/ri-collection-explicit-feedback-google-play-page/crawler.go:36.33,40.32 2 1
/Users/stanik/Documents/repos/_openreq/openreq-git/app/ri-collection-explicit-feedback-google-play-page/crawler.go:40.32,43.4 1 0
/Users/stanik/Documents/repos/_openreq/openreq-git/app/ri-collection-explicit-feedback-google-play-page/crawler.go:49.55,56.16 4 1
/Users/stanik/Documents/repos/_openreq/openreq-git/app/ri-collection-explicit-feedback-google-play-page/crawler.go:63.2,70.73 6 1
/Users/stanik/Documents/repos/_openreq/openreq-git/app/ri-collection-explicit-feedback-google-play-page/crawler.go:75.2,75.24 1 1
/Users/stanik/Documents/repos/_openreq/openreq-git/app/ri-collection-explicit-feedback-google-play-page/crawler.go:56.16,60.3 3 0
/Users/stanik/Documents/repos/_openreq/openreq-git/app/ri-collection-explicit-feedback-google-play-page/crawler.go:70.73,73.3 2 0
/Users/stanik/Documents/repos/_openreq/openreq-git/app/ri-collection-explicit-feedback-google-play-page/crawler.go:78.62,104.2 23 1
/Users/stanik/Documents/repos/_openreq/openreq-git/app/ri-collection-explicit-feedback-google-play-page/crawler.go:106.39,108.2 1 1
/Users/stanik/Documents/repos/_openreq/openreq-git/app/ri-collection-explicit-feedback-google-play-page/crawler.go:110.43,112.2 1 0
/Users/stanik/Documents/repos/_openreq/openreq-git/app/ri-collection-explicit-feedback-google-play-page/crawler.go:114.40,116.2 1 1
/Users/stanik/Documents/repos/_openreq/openreq-git/app/ri-collection-explicit-feedback-google-play-page/crawler.go:118.35,120.2 1 1
/Users/stanik/Documents/repos/_openreq/openreq-git/app/ri-collection-explicit-feedback-google-play-page/crawler.go:122.56,128.41 5 1
/Users/stanik/Documents/repos/_openreq/openreq-git/app/ri-collection-explicit-feedback-google-play-page/crawler.go:155.2,155.41 1 1
/Users/stanik/Documents/repos/_openreq/openreq-git/app/ri-collection-explicit-feedback-google-play-page/crawler.go:128.41,132.3 3 1
/Users/stanik/Documents/repos/_openreq/openreq-git/app/ri-collection-explicit-feedback-google-play-page/crawler.go:132.8,135.21 3 0
/Users/stanik/Documents/repos/_openreq/openreq-git/app/ri-collection-explicit-feedback-google-play-page/crawler.go:135.21,142.18 5 0
/Users/stanik/Documents/repos/_openreq/openreq-git/app/ri-collection-explicit-feedback-google-play-page/crawler.go:142.18,145.5 2 0
/Users/stanik/Documents/repos/_openreq/openreq-git/app/ri-collection-explicit-feedback-google-play-page/crawler.go:145.10,147.5 1 0
/Users/stanik/Documents/repos/_openreq/openreq-git/app/ri-collection-explicit-feedback-google-play-page/crawler.go:148.9,152.4 3 0
/Users/stanik/Documents/repos/_openreq/openreq-git/app/ri-collection-explicit-feedback-google-play-page/crawler.go:158.43,160.2 1 1
/Users/stanik/Documents/repos/_openreq/openreq-git/app/ri-collection-explicit-feedback-google-play-page/crawler.go:162.42,165.25 3 1
/Users/stanik/Documents/repos/_openreq/openreq-git/app/ri-collection-explicit-feedback-google-play-page/crawler.go:169.2,169.17 1 1
/Users/stanik/Documents/repos/_openreq/openreq-git/app/ri-collection-explicit-feedback-google-play-page/crawler.go:165.25,167.3 1 0
/Users/stanik/Documents/repos/_openreq/openreq-git/app/ri-collection-explicit-feedback-google-play-page/crawler.go:172.39,174.16 2 1
/Users/stanik/Documents/repos/_openreq/openreq-git/app/ri-collection-explicit-feedback-google-play-page/crawler.go:179.2,179.10 1 1
/Users/stanik/Documents/repos/_openreq/openreq-git/app/ri-collection-explicit-feedback-google-play-page/crawler.go:174.16,177.3 1 0
/Users/stanik/Documents/repos/_openreq/openreq-git/app/ri-collection-explicit-feedback-google-play-page/crawler.go:182.41,184.16 2 1
/Users/stanik/Documents/repos/_openreq/openreq-git/app/ri-collection-explicit-feedback-google-play-page/crawler.go:189.2,189.17 1 1
/Users/stanik/Documents/repos/_openreq/openreq-git/app/ri-collection-explicit-feedback-google-play-page/crawler.go:184.16,187.3 1 0
/Users/stanik/Documents/repos/_openreq/openreq-git/app/ri-collection-explicit-feedback-google-play-page/crawler.go:192.58,199.16 6 0
/Users/stanik/Documents/repos/_openreq/openreq-git/app/ri-collection-explicit-feedback-google-play-page/crawler.go:206.2,208.16 3 0
/Users/stanik/Documents/repos/_openreq/openreq-git/app/ri-collection-explicit-feedback-google-play-page/crawler.go:215.2,217.16 3 0
/Users/stanik/Documents/repos/_openreq/openreq-git/app/ri-collection-explicit-feedback-google-play-page/crawler.go:224.2,226.16 3 0
/Users/stanik/Documents/repos/_openreq/openreq-git/app/ri-collection-explicit-feedback-google-play-page/crawler.go:233.2,235.16 3 0
/Users/stanik/Documents/repos/_openreq/openreq-git/app/ri-collection-explicit-feedback-google-play-page/crawler.go:242.2,242.10 1 0
/Users/stanik/Documents/repos/_openreq/openreq-git/app/ri-collection-explicit-feedback-google-play-page/crawler.go:199.16,202.3 1 0
/Users/stanik/Documents/repos/_openreq/openreq-git/app/ri-collection-explicit-feedback-google-play-page/crawler.go:202.8,204.3 1 0
/Users/stanik/Documents/repos/_openreq/openreq-git/app/ri-collection-explicit-feedback-google-play-page/crawler.go:208.16,211.3 1 0
/Users/stanik/Documents/repos/_openreq/openreq-git/app/ri-collection-explicit-feedback-google-play-page/crawler.go:211.8,213.3 1 0
/Users/stanik/Documents/repos/_openreq/openreq-git/app/ri-collection-explicit-feedback-google-play-page/crawler.go:217.16,220.3 1 0
/Users/stanik/Documents/repos/_openreq/openreq-git/app/ri-collection-explicit-feedback-google-play-page/crawler.go:220.8,222.3 1 0
/Users/stanik/Documents/repos/_openreq/openreq-git/app/ri-collection-explicit-feedback-google-play-page/crawler.go:226.16,229.3 1 0
/Users/stanik/Documents/repos/_openreq/openreq-git/app/ri-collection-explicit-feedback-google-play-page/crawler.go:229.8,231.3 1 0
/Users/stanik/Documents/repos/_openreq/openreq-git/app/ri-collection-explicit-feedback-google-play-page/crawler.go:235.16,238.3 1 0
/Users/stanik/Documents/repos/_openreq/openreq-git/app/ri-collection-explicit-feedback-google-play-page/crawler.go:238.8,240.3 1 0
/Users/stanik/Documents/repos/_openreq/openreq-git/app/ri-collection-explicit-feedback-google-play-page/crawler.go:245.54,248.20 3 1
/Users/stanik/Documents/repos/_openreq/openreq-git/app/ri-collection-explicit-feedback-google-play-page/crawler.go:252.2,253.16 2 1
/Users/stanik/Documents/repos/_openreq/openreq-git/app/ri-collection-explicit-feedback-google-play-page/crawler.go:257.2,257.19 1 1
/Users/stanik/Documents/repos/_openreq/openreq-git/app/ri-collection-explicit-feedback-google-play-page/crawler.go:248.20,250.3 1 0
/Users/stanik/Documents/repos/_openreq/openreq-git/app/ri-collection-explicit-feedback-google-play-page/crawler.go:253.16,256.3 2 0
/Users/stanik/Documents/repos/_openreq/openreq-git/app/ri-collection-explicit-feedback-google-play-page/crawler.go:260.45,262.2 1 1
/Users/stanik/Documents/repos/_openreq/openreq-git/app/ri-collection-explicit-feedback-google-play-page/crawler.go:264.42,266.2 1 0
/Users/stanik/Documents/repos/_openreq/openreq-git/app/ri-collection-explicit-feedback-google-play-page/crawler.go:268.41,270.2 1 0
/Users/stanik/Documents/repos/_openreq/openreq-git/app/ri-collection-explicit-feedback-google-play-page/crawler.go:272.44,274.2 1 0
/Users/stanik/Documents/repos/_openreq/openreq-git/app/ri-collection-explicit-feedback-google-play-page/crawler.go:276.41,279.16 3 0
/Users/stanik/Documents/repos/_openreq/openreq-git/app/ri-collection-explicit-feedback-google-play-page/crawler.go:283.2,285.16 3 0
/Users/stanik/Documents/repos/_openreq/openreq-git/app/ri-collection-explicit-feedback-google-play-page/crawler.go:290.2,290.19 1 0
/Users/stanik/Documents/repos/_openreq/openreq-git/app/ri-collection-explicit-feedback-google-play-page/crawler.go:279.16,281.3 1 0
/Users/stanik/Documents/repos/_openreq/openreq-git/app/ri-collection-explicit-feedback-google-play-page/crawler.go:285.16,288.3 2 0
/Users/stanik/Documents/repos/_openreq/openreq-git/app/ri-collection-explicit-feedback-google-play-page/crawler.go:293.21,295.2 1 0
/Users/stanik/Documents/repos/_openreq/openreq-git/app/ri-collection-explicit-feedback-google-play-page/crawler.go:297.49,299.15 2 0
/Users/stanik/Documents/repos/_openreq/openreq-git/app/ri-collection-explicit-feedback-google-play-page/crawler.go:302.2,304.20 3 0
/Users/stanik/Documents/repos/_openreq/openreq-git/app/ri-collection-explicit-feedback-google-play-page/crawler.go:307.2,307.19 1 0
/Users/stanik/Documents/repos/_openreq/openreq-git/app/ri-collection-explicit-feedback-google-play-page/crawler.go:299.15,301.3 1 0
/Users/stanik/Documents/repos/_openreq/openreq-git/app/ri-collection-explicit-feedback-google-play-page/crawler.go:304.20,306.3 1 0
/Users/stanik/Documents/repos/_openreq/openreq-git/app/ri-collection-explicit-feedback-google-play-page/crawler.go:310.54,314.19 3 0
/Users/stanik/Documents/repos/_openreq/openreq-git/app/ri-collection-explicit-feedback-google-play-page/crawler.go:318.2,318.46 1 0
/Users/stanik/Documents/repos/_openreq/openreq-git/app/ri-collection-explicit-feedback-google-play-page/crawler.go:314.19,316.3 1 0
/Users/stanik/Documents/repos/_openreq/openreq-git/app/ri-collection-explicit-feedback-google-play-page/crawler.go:321.45,325.18 3 0
/Users/stanik/Documents/repos/_openreq/openreq-git/app/ri-collection-explicit-feedback-google-play-page/crawler.go:328.2,331.16 3 0
/Users/stanik/Documents/repos/_openreq/openreq-git/app/ri-collection-explicit-feedback-google-play-page/crawler.go:336.2,339.25 3 0
/Users/stanik/Documents/repos/_openreq/openreq-git/app/ri-collection-explicit-feedback-google-play-page/crawler.go:346.2,346.38 1 0
/Users/stanik/Documents/repos/_openreq/openreq-git/app/ri-collection-explicit-feedback-google-play-page/crawler.go:325.18,327.3 1 0
/Users/stanik/Documents/repos/_openreq/openreq-git/app/ri-collection-explicit-feedback-google-play-page/crawler.go:331.16,335.3 3 0
/Users/stanik/Documents/repos/_openreq/openreq-git/app/ri-collection-explicit-feedback-google-play-page/crawler.go:339.25,341.21 2 0
/Users/stanik/Documents/repos/_openreq/openreq-git/app/ri-collection-explicit-feedback-google-play-page/crawler.go:341.21,343.4 1 0
/Users/stanik/Documents/repos/_openreq/openreq-git/app/ri-collection-explicit-feedback-google-play-page/crawler.go:349.51,354.26 3 0
/Users/stanik/Documents/repos/_openreq/openreq-git/app/ri-collection-explicit-feedback-google-play-page/crawler.go:365.2,365.15 1 0
/Users/stanik/Documents/repos/_openreq/openreq-git/app/ri-collection-explicit-feedback-google-play-page/crawler.go:354.26,355.39 1 0
/Users/stanik/Documents/repos/_openreq/openreq-git/app/ri-collection-explicit-feedback-google-play-page/crawler.go:355.40,357.4 0 0
/Users/stanik/Documents/repos/_openreq/openreq-git/app/ri-collection-explicit-feedback-google-play-page/crawler.go:357.9,362.4 2 0
/Users/stanik/Documents/repos/_openreq/openreq-git/app/ri-collection-explicit-feedback-google-play-page/crawler.go:368.29,372.16 4 1
/Users/stanik/Documents/repos/_openreq/openreq-git/app/ri-collection-explicit-feedback-google-play-page/crawler.go:376.2,378.20 2 1
/Users/stanik/Documents/repos/_openreq/openreq-git/app/ri-collection-explicit-feedback-google-play-page/crawler.go:372.16,374.13 2 0
/Users/stanik/Documents/repos/_openreq/openreq-git/app/ri-collection-explicit-feedback-google-play-page/starter.go:13.13,20.2 4 0
/Users/stanik/Documents/repos/_openreq/openreq-git/app/ri-collection-explicit-feedback-google-play-page/starter.go:22.44,23.30 1 1
/Users/stanik/Documents/repos/_openreq/openreq-git/app/ri-collection-explicit-feedback-google-play-page/starter.go:23.30,27.3 3 1
/Users/stanik/Documents/repos/_openreq/openreq-git/app/ri-collection-explicit-feedback-google-play-page/starter.go:30.57,40.31 6 1
/Users/stanik/Documents/repos/_openreq/openreq-git/app/ri-collection-explicit-feedback-google-play-page/starter.go:40.31,43.3 2 0
